2023-07-18 14:58:47.659 [main] INFO  com.sakura.Application - Starting Application using Java 1.8.0_311 on PC-20210811HKAS with PID 7784 (D:\idea_project\AutoTest\Chapter13\target\classes started by Administrator in D:\idea_project\AutoTest)
2023-07-18 14:58:47.663 [main] INFO  com.sakura.Application - No active profile set, falling back to default profiles: default
2023-07-18 14:58:48.256 [main] WARN  org.mybatis.spring.mapper.ClassPathMapperScanner - No MyBatis mapper was found in '[com.sakura]' package. Please check your configuration.
2023-07-18 14:58:48.605 [main] INFO  org.springframework.boot.web.embedded.tomcat.TomcatWebServer - Tomcat initialized with port(s): 8889 (http)
2023-07-18 14:58:48.612 [main] INFO  org.apache.catalina.core.StandardService - Starting service [Tomcat]
2023-07-18 14:58:48.612 [main] INFO  org.apache.catalina.core.StandardEngine - Starting Servlet engine: [Apache Tomcat/9.0.56]
2023-07-18 14:58:48.681 [main] INFO  org.apache.catalina.core.ContainerBase.[Tomcat].[localhost].[/] - Initializing Spring embedded WebApplicationContext
2023-07-18 14:58:48.681 [main] INFO  org.springframework.boot.web.servlet.context.ServletWebServerApplicationContext - Root WebApplicationContext: initialization completed in 981 ms
2023-07-18 14:58:49.099 [main] INFO  springfox.documentation.spring.web.PropertySourcedRequestMappingHandlerMapping - Mapped URL path [/v2/api-docs] onto method [springfox.documentation.swagger2.web.Swagger2Controller#getDocumentation(String, HttpServletRequest)]
2023-07-18 14:58:49.292 [main] INFO  org.springframework.boot.web.embedded.tomcat.TomcatWebServer - Tomcat started on port(s): 8889 (http) with context path ''
2023-07-18 14:58:49.293 [main] INFO  springfox.documentation.spring.web.plugins.DocumentationPluginsBootstrapper - Context refreshed
2023-07-18 14:58:49.306 [main] INFO  springfox.documentation.spring.web.plugins.DocumentationPluginsBootstrapper - Found 1 custom documentation plugin(s)
2023-07-18 14:58:49.327 [main] INFO  springfox.documentation.spring.web.scanners.ApiListingReferenceScanner - Scanning for api listing references
2023-07-18 14:58:49.445 [main] INFO  com.sakura.Application - Started Application in 2.155 seconds (JVM running for 3.065)
2023-07-18 14:59:00.528 [http-nio-8889-exec-1] INFO  org.apache.catalina.core.ContainerBase.[Tomcat].[localhost].[/] - Initializing Spring DispatcherServlet 'dispatcherServlet'
2023-07-18 14:59:00.528 [http-nio-8889-exec-1] INFO  org.springframework.web.servlet.DispatcherServlet - Initializing Servlet 'dispatcherServlet'
2023-07-18 14:59:00.529 [http-nio-8889-exec-1] INFO  org.springframework.web.servlet.DispatcherServlet - Completed initialization in 1 ms
2023-07-18 14:59:00.588 [http-nio-8889-exec-1] INFO  com.zaxxer.hikari.HikariDataSource - HikariPool-1 - Starting...
2023-07-18 14:59:00.660 [http-nio-8889-exec-1] INFO  com.zaxxer.hikari.HikariDataSource - HikariPool-1 - Start completed.
2023-07-18 14:59:00.691 [http-nio-8889-exec-1] INFO  com.sakura.controller.UserManager - 查询到的结果是1
2023-07-18 14:59:00.691 [http-nio-8889-exec-1] INFO  com.sakura.controller.UserManager - 登录的用户是：liyi
2023-07-18 14:59:00.754 [http-nio-8889-exec-2] INFO  com.sakura.controller.UserManager - 查询到的结果是0
2023-07-18 14:59:00.795 [http-nio-8889-exec-3] INFO  com.sakura.controller.UserManager - cookies 验证通过
2023-07-18 14:59:00.800 [http-nio-8889-exec-3] INFO  com.sakura.controller.UserManager - 添加用户的数量是：1
2023-07-18 14:59:03.854 [http-nio-8889-exec-4] INFO  com.sakura.controller.UserManager - cookies 验证通过
2023-07-18 14:59:03.867 [http-nio-8889-exec-4] INFO  com.sakura.controller.UserManager - getUserInfo 获取到的用户数量是1
2023-07-18 14:59:03.914 [http-nio-8889-exec-5] INFO  com.sakura.controller.UserManager - cookies 验证通过
2023-07-18 14:59:03.920 [http-nio-8889-exec-5] INFO  com.sakura.controller.UserManager - 更新数据的条目数为：1
2023-07-18 14:59:07.007 [http-nio-8889-exec-6] INFO  com.sakura.controller.UserManager - cookies 验证通过
2023-07-18 14:59:07.010 [http-nio-8889-exec-6] INFO  com.sakura.controller.UserManager - 更新数据的条目数为：1
2023-07-18 14:59:29.251 [http-nio-8889-exec-9] INFO  com.sakura.controller.UserManager - 查询到的结果是1
2023-07-18 14:59:29.251 [http-nio-8889-exec-9] INFO  com.sakura.controller.UserManager - 登录的用户是：liyi
2023-07-18 14:59:29.304 [http-nio-8889-exec-10] INFO  com.sakura.controller.UserManager - 查询到的结果是0
2023-07-18 14:59:29.332 [http-nio-8889-exec-1] INFO  com.sakura.controller.UserManager - cookies 验证通过
2023-07-18 14:59:29.334 [http-nio-8889-exec-1] INFO  com.sakura.controller.UserManager - 添加用户的数量是：1
2023-07-18 14:59:37.382 [http-nio-8889-exec-2] INFO  com.sakura.controller.UserManager - cookies 验证通过
2023-07-18 14:59:37.383 [http-nio-8889-exec-2] INFO  com.sakura.controller.UserManager - getUserInfo 获取到的用户数量是1
2023-07-18 14:59:37.427 [http-nio-8889-exec-3] INFO  com.sakura.controller.UserManager - cookies 验证通过
2023-07-18 14:59:37.432 [http-nio-8889-exec-3] INFO  com.sakura.controller.UserManager - 更新数据的条目数为：1
2023-07-18 14:59:40.484 [http-nio-8889-exec-4] INFO  com.sakura.controller.UserManager - cookies 验证通过
2023-07-18 14:59:40.486 [http-nio-8889-exec-4] INFO  com.sakura.controller.UserManager - 更新数据的条目数为：1
2023-07-18 15:00:20.564 [http-nio-8889-exec-7] INFO  com.sakura.controller.UserManager - 查询到的结果是1
2023-07-18 15:00:20.564 [http-nio-8889-exec-7] INFO  com.sakura.controller.UserManager - 登录的用户是：liyi
2023-07-18 15:00:20.607 [http-nio-8889-exec-8] INFO  com.sakura.controller.UserManager - 查询到的结果是0
2023-07-18 15:00:20.635 [http-nio-8889-exec-9] INFO  com.sakura.controller.UserManager - cookies 验证通过
2023-07-18 15:00:20.638 [http-nio-8889-exec-9] INFO  com.sakura.controller.UserManager - 添加用户的数量是：1
2023-07-18 15:00:23.690 [http-nio-8889-exec-10] INFO  com.sakura.controller.UserManager - cookies 验证通过
2023-07-18 15:00:23.691 [http-nio-8889-exec-10] INFO  com.sakura.controller.UserManager - getUserInfo 获取到的用户数量是1
2023-07-18 15:00:23.735 [http-nio-8889-exec-1] INFO  com.sakura.controller.UserManager - cookies 验证通过
2023-07-18 15:00:23.737 [http-nio-8889-exec-1] INFO  com.sakura.controller.UserManager - 更新数据的条目数为：1
2023-07-18 15:00:26.787 [http-nio-8889-exec-2] INFO  com.sakura.controller.UserManager - cookies 验证通过
2023-07-18 15:00:26.789 [http-nio-8889-exec-2] INFO  com.sakura.controller.UserManager - 更新数据的条目数为：1
2023-07-18 15:00:45.504 [http-nio-8889-exec-5] INFO  com.sakura.controller.UserManager - 查询到的结果是1
2023-07-18 15:00:45.504 [http-nio-8889-exec-5] INFO  com.sakura.controller.UserManager - 登录的用户是：liyi
2023-07-18 15:00:45.544 [http-nio-8889-exec-6] INFO  com.sakura.controller.UserManager - 查询到的结果是0
2023-07-18 15:00:45.573 [http-nio-8889-exec-7] INFO  com.sakura.controller.UserManager - cookies 验证通过
2023-07-18 15:00:45.575 [http-nio-8889-exec-7] INFO  com.sakura.controller.UserManager - 添加用户的数量是：1
2023-07-18 15:00:48.626 [http-nio-8889-exec-8] INFO  com.sakura.controller.UserManager - cookies 验证通过
2023-07-18 15:00:48.628 [http-nio-8889-exec-8] INFO  com.sakura.controller.UserManager - getUserInfo 获取到的用户数量是1
2023-07-18 15:00:48.685 [http-nio-8889-exec-9] INFO  com.sakura.controller.UserManager - cookies 验证通过
2023-07-18 15:00:48.687 [http-nio-8889-exec-9] INFO  com.sakura.controller.UserManager - 更新数据的条目数为：1
2023-07-18 15:00:51.741 [http-nio-8889-exec-10] INFO  com.sakura.controller.UserManager - cookies 验证通过
2023-07-18 15:00:51.743 [http-nio-8889-exec-10] INFO  com.sakura.controller.UserManager - 更新数据的条目数为：1
2023-07-18 15:05:33.176 [http-nio-8889-exec-3] INFO  com.sakura.controller.UserManager - 查询到的结果是1
2023-07-18 15:05:33.176 [http-nio-8889-exec-3] INFO  com.sakura.controller.UserManager - 登录的用户是：liyi
2023-07-18 15:05:33.218 [http-nio-8889-exec-4] INFO  com.sakura.controller.UserManager - 查询到的结果是0
2023-07-18 15:05:33.247 [http-nio-8889-exec-5] INFO  com.sakura.controller.UserManager - cookies 验证通过
2023-07-18 15:05:33.249 [http-nio-8889-exec-5] INFO  com.sakura.controller.UserManager - 添加用户的数量是：1
2023-07-18 15:05:36.302 [http-nio-8889-exec-6] INFO  com.sakura.controller.UserManager - cookies 验证通过
2023-07-18 15:05:36.304 [http-nio-8889-exec-6] INFO  com.sakura.controller.UserManager - getUserInfo 获取到的用户数量是1
2023-07-18 15:05:36.347 [http-nio-8889-exec-7] INFO  com.sakura.controller.UserManager - cookies 验证通过
2023-07-18 15:05:36.349 [http-nio-8889-exec-7] INFO  com.sakura.controller.UserManager - 更新数据的条目数为：1
2023-07-18 15:05:39.400 [http-nio-8889-exec-8] INFO  com.sakura.controller.UserManager - cookies 验证通过
2023-07-18 15:05:39.402 [http-nio-8889-exec-8] INFO  com.sakura.controller.UserManager - 更新数据的条目数为：1
2023-07-18 15:05:53.728 [http-nio-8889-exec-9] INFO  com.sakura.controller.UserManager - cookies 验证通过
2023-07-18 15:05:53.731 [http-nio-8889-exec-9] INFO  com.sakura.controller.UserManager - getUserInfo 获取到的用户数量是26
